C:\Python313\Lib\site-packages\requests\__init__.py:113: RequestsDependencyWarning: urllib3 (2.6.3) or chardet (7.4.0.post2)/charset_normalizer (3.4.5) doesn't match a supported version!
  warnings.warn(
螕枚卯螕枚脟螕枚脟螕枚脟螕枚脟螕枚脟螕枚脟螕枚脟螕枚脟螕枚脟螕枚脟螕枚脟螕枚脟螕枚脟螕枚脟螕枚脟螕枚脟螕枚脟螕枚脟螕枚脟螕枚脟螕枚脟 Traceback (most recent call last) 螕枚脟螕枚脟螕枚脟螕枚脟螕枚脟螕枚脟螕枚脟螕枚脟螕枚脟螕枚脟螕枚脟螕枚脟螕枚脟螕枚脟螕枚脟螕枚脟螕枚脟螕枚脟螕枚脟螕枚脟螕枚脟螕枚脟螕枚脡
螕枚茅 C:\Users\Administrator\Desktop\ConduitScore\conduit_outreach_pipeline\src\co 螕枚茅
螕枚茅 nduit_outreach_pipeline\cli.py:75 in process_csv                             螕枚茅
螕枚茅                                                                              螕枚茅
螕枚茅    72 螕枚茅   螕枚茅   螕枚茅   螕枚茅   console.print(f"[yellow]Skip (no email): {domain}[/yel 螕枚茅
螕枚茅    73 螕枚茅   螕枚茅   螕枚茅   螕枚茅   continue                                               螕枚茅
螕枚茅    74 螕枚茅   螕枚茅   螕枚茅                                                              螕枚茅
螕枚茅 >  75 螕枚茅   螕枚茅   螕枚茅   rows = build_sheet_rows_for_prospect(                      螕枚茅
螕枚茅    76 螕枚茅   螕枚茅   螕枚茅   螕枚茅   domain=domain,                                         螕枚茅
螕枚茅    77 螕枚茅   螕枚茅   螕枚茅   螕枚茅   receiver_email=email,                                  螕枚茅
螕枚茅    78 螕枚茅   螕枚茅   螕枚茅   螕枚茅   first_name=(raw.get("first_name") or raw.get("first")  螕枚茅
螕枚茅                                                                              螕枚茅
螕枚茅 C:\Users\Administrator\Desktop\ConduitScore\conduit_outreach_pipeline\src\co 螕枚茅
螕枚茅 nduit_outreach_pipeline\row_builder.py:43 in build_sheet_rows_for_prospect   螕枚茅
螕枚茅                                                                              螕枚茅
螕枚茅    40 螕枚茅   force_refresh_scan: bool = False,                                  螕枚茅
螕枚茅    41 螕枚茅   steps: tuple[int, ...] = (1, 2, 3, 4, 5),                          螕枚茅
螕枚茅    42 ) -> list[dict[str, str]]:                                             螕枚茅
螕枚茅 >  43 螕枚茅   scan = scan_domain_cached(domain, force_refresh=force_refresh_scan 螕枚茅
螕枚茅    44 螕枚茅   top_title, top_desc = pick_top_issue(scan)                         螕枚茅
螕枚茅    45 螕枚茅   fix_title, fix_desc, fix_code = pick_top_fix(scan, top_title)      螕枚茅
螕枚茅    46 螕枚茅   seq = classify_sequence(                                           螕枚茅
螕枚茅                                                                              螕枚茅
螕枚茅 C:\Users\Administrator\Desktop\ConduitScore\conduit_outreach_pipeline\src\co 螕枚茅
螕枚茅 nduit_outreach_pipeline\conduit_cached.py:59 in scan_domain_cached           螕枚茅
螕枚茅                                                                              螕枚茅
螕枚茅    56 螕枚茅   螕枚茅   if cached:                                                     螕枚茅
螕枚茅    57 螕枚茅   螕枚茅   螕枚茅   return json.loads(cached)                                  螕枚茅
螕枚茅    58 螕枚茅   url = url_or_domain if "://" in url_or_domain else f"https://{url_ 螕枚茅
螕枚茅 >  59 螕枚茅   data = scan_domain_raw(url)                                        螕枚茅
螕枚茅    60 螕枚茅   db.cache_put(dom, json.dumps(data))                                螕枚茅
螕枚茅    61 螕枚茅   return data                                                        螕枚茅
螕枚茅    62                                                                        螕枚茅
螕枚茅                                                                              螕枚茅
螕枚茅 C:\Users\Administrator\Desktop\ConduitScore\conduit_outreach_pipeline\src\co 螕枚茅
螕枚茅 nduit_outreach_pipeline\conduit_cached.py:48 in scan_domain_raw              螕枚茅
螕枚茅                                                                              螕枚茅
螕枚茅    45 螕枚茅   螕枚茅   螕枚茅   if r.status_code in retry_on and attempt + 1 < max_attempt 螕枚茅
螕枚茅    46 螕枚茅   螕枚茅   螕枚茅   螕枚茅   time.sleep(base_backoff * (2**attempt))                螕枚茅
螕枚茅    47 螕枚茅   螕枚茅   螕枚茅   螕枚茅   continue                                               螕枚茅
螕枚茅 >  48 螕枚茅   螕枚茅   螕枚茅   r.raise_for_status()                                       螕枚茅
螕枚茅    49 螕枚茅   螕枚茅   螕枚茅   return r.json()                                            螕枚茅
螕枚茅    50                                                                        螕枚茅
螕枚茅    51                                                                        螕枚茅
螕枚茅                                                                              螕枚茅
螕枚茅 C:\Python313\Lib\site-packages\httpx\_models.py:829 in raise_for_status      螕枚茅
螕枚茅                                                                              螕枚茅
螕枚茅    826 螕枚茅   螕枚茅   }                                                             螕枚茅
螕枚茅    827 螕枚茅   螕枚茅   error_type = error_types.get(status_class, "Invalid status co 螕枚茅
螕枚茅    828 螕枚茅   螕枚茅   message = message.format(self, error_type=error_type)         螕枚茅
螕枚茅 >  829 螕枚茅   螕枚茅   raise HTTPStatusError(message, request=request, response=self 螕枚茅
螕枚茅    830 螕枚茅                                                                     螕枚茅
螕枚茅    831 螕枚茅   def json(self, **kwargs: typing.Any) -> typing.Any:               螕枚茅
螕枚茅    832 螕枚茅   螕枚茅   return jsonlib.loads(self.content, **kwargs)                  螕枚茅
螕枚枚螕枚脟螕枚脟螕枚脟螕枚脟螕枚脟螕枚脟螕枚脟螕枚脟螕枚脟螕枚脟螕枚脟螕枚脟螕枚脟螕枚脟螕枚脟螕枚脟螕枚脟螕枚脟螕枚脟螕枚脟螕枚脟螕枚脟螕枚脟螕枚脟螕枚脟螕枚脟螕枚脟螕枚脟螕枚脟螕枚脟螕枚脟螕枚脟螕枚脟螕枚脟螕枚脟螕枚脟螕枚脟螕枚脟螕枚脟螕枚脟螕枚脟螕枚脟螕枚脟螕枚脟螕枚脟螕枚脟螕枚脟螕枚脟螕枚脟螕枚脟螕枚脟螕枚脟螕枚脟螕枚脟螕枚脟螕枚脟螕枚脟螕枚脟螕枚脟螕枚脟螕枚脟螕枚脟螕枚脟螕枚脟螕枚脟螕枚脟螕枚脟螕枚脟螕枚脟螕枚脟螕枚脟螕枚脟螕枚脟螕枚脟螕枚脟螕枚脟螕枚脟螕枚脟螕枚每
HTTPStatusError: Server error '500 Internal Server Error' for url 
'https://conduitscore.com/api/scan'
For more information check: 
https://developer.mozilla.org/en-US/docs/Web/HTTP/Status/500
