[0313/114258.676:ERROR:net\disk_cache\cache_util_win.cc:25] Unable to move the cache: Access is denied. (0x5)
[0313/114258.677:ERROR:net\disk_cache\disk_cache.cc:272] Unable to create cache
[0313/114258.678:ERROR:gpu\ipc\host\gpu_disk_cache.cc:725] Gpu Cache Creation failed: -2
[0313/114258.720:ERROR:net\disk_cache\cache_util_win.cc:25] Unable to move the cache: Access is denied. (0x5)
[0313/114258.722:ERROR:net\disk_cache\disk_cache.cc:272] Unable to create cache
[0313/114258.722:ERROR:gpu\ipc\host\gpu_disk_cache.cc:725] Gpu Cache Creation failed: -2
[0313/114258.764:ERROR:net\disk_cache\cache_util_win.cc:25] Unable to move the cache: Access is denied. (0x5)
[0313/114258.770:ERROR:net\disk_cache\disk_cache.cc:272] Unable to create cache
[0313/114258.771:ERROR:gpu\ipc\host\gpu_disk_cache.cc:725] Gpu Cache Creation failed: -2
[0313/114258.782:ERROR:net\disk_cache\cache_util_win.cc:25] Unable to move the cache: Access is denied. (0x5)
[0313/114258.783:ERROR:net\disk_cache\disk_cache.cc:272] Unable to create cache
[0313/114258.784:ERROR:gpu\ipc\host\gpu_disk_cache.cc:725] Gpu Cache Creation failed: -2
[0313/114258.819:ERROR:net\disk_cache\cache_util_win.cc:25] Unable to move the cache: Access is denied. (0x5)
[0313/114258.824:ERROR:net\disk_cache\disk_cache.cc:272] Unable to create cache
[0313/114258.825:ERROR:gpu\ipc\host\gpu_disk_cache.cc:725] Gpu Cache Creation failed: -2
[0313/114258.820:ERROR:net\disk_cache\cache_util_win.cc:25] Unable to move the cache: Access is denied. (0x5)
[0313/114258.836:ERROR:net\disk_cache\disk_cache.cc:272] Unable to create cache
[0313/114258.836:ERROR:gpu\ipc\host\gpu_disk_cache.cc:725] Gpu Cache Creation failed: -2
[0313/114258.841:WARNING:content\browser\btm\btm_database.cc:128] Failed to initialize the DIPS SQLite database.
[0313/114258.842:WARNING:content\browser\btm\btm_database.cc:128] Failed to initialize the DIPS SQLite database.
[0313/114258.870:ERROR:net\disk_cache\cache_util_win.cc:25] Unable to move the cache: Access is denied. (0x5)
[0313/114258.871:ERROR:net\disk_cache\disk_cache.cc:272] Unable to create cache
[0313/114258.871:ERROR:gpu\ipc\host\gpu_disk_cache.cc:725] Gpu Cache Creation failed: -2
[0313/114258.879:ERROR:net\disk_cache\cache_util_win.cc:25] Unable to move the cache: Access is denied. (0x5)
[0313/114258.880:ERROR:net\disk_cache\disk_cache.cc:272] Unable to create cache
[0313/114258.880:ERROR:gpu\ipc\host\gpu_disk_cache.cc:725] Gpu Cache Creation failed: -2
[0313/114258.888:ERROR:net\disk_cache\cache_util_win.cc:25] Unable to move the cache: Access is denied. (0x5)
[0313/114258.888:ERROR:net\disk_cache\disk_cache.cc:272] Unable to create cache
[0313/114258.888:ERROR:gpu\ipc\host\gpu_disk_cache.cc:725] Gpu Cache Creation failed: -2
[0313/114258.938:ERROR:net\disk_cache\cache_util_win.cc:25] Unable to move the cache: Access is denied. (0x5)
[0313/114258.938:ERROR:net\disk_cache\cache_util_win.cc:25] Unable to move the cache: Access is denied. (0x5)
[0313/114258.939:ERROR:net\disk_cache\disk_cache.cc:272] Unable to create cache
[0313/114258.939:ERROR:gpu\ipc\host\gpu_disk_cache.cc:725] Gpu Cache Creation failed: -2
[0313/114258.939:ERROR:net\disk_cache\disk_cache.cc:272] Unable to create cache
[0313/114258.939:ERROR:gpu\ipc\host\gpu_disk_cache.cc:725] Gpu Cache Creation failed: -2
[0313/114258.953:ERROR:net\disk_cache\cache_util_win.cc:25] Unable to move the cache: Access is denied. (0x5)
[0313/114258.954:ERROR:net\disk_cache\disk_cache.cc:272] Unable to create cache
[0313/114258.954:ERROR:gpu\ipc\host\gpu_disk_cache.cc:725] Gpu Cache Creation failed: -2
[0313/114259.032:ERROR:net\disk_cache\cache_util_win.cc:25] Unable to move the cache: Access is denied. (0x5)
[0313/114259.034:ERROR:net\disk_cache\disk_cache.cc:272] Unable to create cache
[0313/114259.034:ERROR:gpu\ipc\host\gpu_disk_cache.cc:725] Gpu Cache Creation failed: -2
[0313/114259.080:ERROR:net\disk_cache\cache_util_win.cc:25] Unable to move the cache: Access is denied. (0x5)
[0313/114259.080:ERROR:net\disk_cache\disk_cache.cc:272] Unable to create cache
[0313/114259.081:ERROR:gpu\ipc\host\gpu_disk_cache.cc:725] Gpu Cache Creation failed: -2
[0313/114259.576:ERROR:net\disk_cache\cache_util_win.cc:25] Unable to move the cache: Access is denied. (0x5)
[0313/114259.576:ERROR:net\disk_cache\disk_cache.cc:272] Unable to create cache
[0313/114259.577:ERROR:gpu\ipc\host\gpu_disk_cache.cc:725] Gpu Cache Creation failed: -2
[0313/114259.647:ERROR:net\disk_cache\cache_util_win.cc:25] Unable to move the cache: Access is denied. (0x5)
[0313/114259.648:ERROR:net\disk_cache\disk_cache.cc:272] Unable to create cache
[0313/114259.649:ERROR:gpu\ipc\host\gpu_disk_cache.cc:725] Gpu Cache Creation failed: -2
[0313/114259.767:ERROR:net\disk_cache\cache_util_win.cc:25] Unable to move the cache: Access is denied. (0x5)
[0313/114259.768:ERROR:net\disk_cache\disk_cache.cc:272] Unable to create cache
[0313/114259.768:ERROR:gpu\ipc\host\gpu_disk_cache.cc:725] Gpu Cache Creation failed: -2
[0313/114259.957:ERROR:net\disk_cache\cache_util_win.cc:25] Unable to move the cache: Access is denied. (0x5)
[0313/114259.958:ERROR:net\disk_cache\disk_cache.cc:272] Unable to create cache
[0313/114259.958:ERROR:gpu\ipc\host\gpu_disk_cache.cc:725] Gpu Cache Creation failed: -2
[0313/114259.959:ERROR:net\disk_cache\cache_util_win.cc:25] Unable to move the cache: Access is denied. (0x5)
[0313/114259.961:ERROR:net\disk_cache\disk_cache.cc:272] Unable to create cache
[0313/114259.961:ERROR:gpu\ipc\host\gpu_disk_cache.cc:725] Gpu Cache Creation failed: -2
[0313/114259.985:ERROR:net\disk_cache\cache_util_win.cc:25] Unable to move the cache: Access is denied. (0x5)
[0313/114259.986:ERROR:net\disk_cache\disk_cache.cc:272] Unable to create cache
[0313/114259.986:ERROR:gpu\ipc\host\gpu_disk_cache.cc:725] Gpu Cache Creation failed: -2
[0313/114300.470:WARNING:content\browser\btm\btm_database.cc:128] Failed to initialize the DIPS SQLite database.
[0313/114300.660:ERROR:net\disk_cache\cache_util_win.cc:25] Unable to move the cache: Access is denied. (0x5)
[0313/114300.661:ERROR:net\disk_cache\disk_cache.cc:272] Unable to create cache
[0313/114300.661:ERROR:gpu\ipc\host\gpu_disk_cache.cc:725] Gpu Cache Creation failed: -2
[0313/114300.665:ERROR:net\disk_cache\cache_util_win.cc:25] Unable to move the cache: Access is denied. (0x5)
[0313/114300.665:ERROR:net\disk_cache\disk_cache.cc:272] Unable to create cache
[0313/114300.665:ERROR:gpu\ipc\host\gpu_disk_cache.cc:725] Gpu Cache Creation failed: -2
[0313/114300.669:ERROR:net\disk_cache\cache_util_win.cc:25] Unable to move the cache: Access is denied. (0x5)
[0313/114300.670:ERROR:net\disk_cache\disk_cache.cc:272] Unable to create cache
[0313/114300.670:ERROR:gpu\ipc\host\gpu_disk_cache.cc:725] Gpu Cache Creation failed: -2
[0313/114300.754:WARNING:components\leveldb_proto\internal\leveldb_database.cc:124] Unable to open C:\Users\Administrator\Desktop\ConduitScore\phase_5_output\scan-worker\.conduit-runtime\browser_profile\Default\shared_proto_db\metadata: IO error: C:\Users\Administrator\Desktop\ConduitScore\phase_5_output\scan-worker\.conduit-runtime\browser_profile\Default\shared_proto_db\metadata/LOCK: Access denied. (ChromeMethodBFE: 15::LockFile::5)
[0313/114300.840:WARNING:components\leveldb_proto\internal\leveldb_database.cc:124] Unable to open C:\Users\Administrator\Desktop\ConduitScore\phase_5_output\scan-worker\.conduit-runtime\browser_profile\Default\shared_proto_db\metadata: IO error: C:\Users\Administrator\Desktop\ConduitScore\phase_5_output\scan-worker\.conduit-runtime\browser_profile\Default\shared_proto_db\metadata/LOCK: Access denied. (ChromeMethodBFE: 15::LockFile::5)
[0313/114300.868:WARNING:components\leveldb_proto\internal\leveldb_database.cc:124] Unable to open C:\Users\Administrator\Desktop\ConduitScore\phase_5_output\scan-worker\.conduit-runtime\browser_profile\Default\shared_proto_db\metadata: IO error: C:\Users\Administrator\Desktop\ConduitScore\phase_5_output\scan-worker\.conduit-runtime\browser_profile\Default\shared_proto_db\metadata/LOCK: Access denied. (ChromeMethodBFE: 15::LockFile::5)
[0313/114300.922:WARNING:components\leveldb_proto\internal\leveldb_database.cc:124] Unable to open C:\Users\Administrator\Desktop\ConduitScore\phase_5_output\scan-worker\.conduit-runtime\browser_profile\Default\shared_proto_db\metadata: IO error: C:\Users\Administrator\Desktop\ConduitScore\phase_5_output\scan-worker\.conduit-runtime\browser_profile\Default\shared_proto_db\metadata/LOCK: Access denied. (ChromeMethodBFE: 15::LockFile::5)
[0313/114300.956:ERROR:net\disk_cache\cache_util_win.cc:25] Unable to move the cache: Access is denied. (0x5)
[0313/114300.957:ERROR:net\disk_cache\disk_cache.cc:272] Unable to create cache
[0313/114300.958:ERROR:gpu\ipc\host\gpu_disk_cache.cc:725] Gpu Cache Creation failed: -2
[0313/114301.335:ERROR:net\disk_cache\cache_util_win.cc:25] Unable to move the cache: Access is denied. (0x5)
[0313/114301.336:ERROR:net\disk_cache\disk_cache.cc:272] Unable to create cache
[0313/114301.336:ERROR:gpu\ipc\host\gpu_disk_cache.cc:725] Gpu Cache Creation failed: -2
[0313/114301.569:WARNING:content\browser\btm\btm_database.cc:128] Failed to initialize the DIPS SQLite database.
[0313/114301.627:ERROR:net\disk_cache\cache_util_win.cc:25] Unable to move the cache: Access is denied. (0x5)
[0313/114301.627:ERROR:net\disk_cache\cache_util_win.cc:25] Unable to move the cache: Access is denied. (0x5)
[0313/114301.627:ERROR:net\disk_cache\disk_cache.cc:272] Unable to create cache
[0313/114301.628:ERROR:gpu\ipc\host\gpu_disk_cache.cc:725] Gpu Cache Creation failed: -2
[0313/114301.628:ERROR:net\disk_cache\disk_cache.cc:272] Unable to create cache
[0313/114301.628:ERROR:gpu\ipc\host\gpu_disk_cache.cc:725] Gpu Cache Creation failed: -2
[0313/114301.627:ERROR:net\disk_cache\cache_util_win.cc:25] Unable to move the cache: Access is denied. (0x5)
[0313/114301.628:ERROR:net\disk_cache\disk_cache.cc:272] Unable to create cache
[0313/114301.629:ERROR:gpu\ipc\host\gpu_disk_cache.cc:725] Gpu Cache Creation failed: -2
[0313/114301.656:ERROR:net\disk_cache\cache_util_win.cc:25] Unable to move the cache: Access is denied. (0x5)
[0313/114301.657:ERROR:net\disk_cache\disk_cache.cc:272] Unable to create cache
[0313/114301.657:ERROR:gpu\ipc\host\gpu_disk_cache.cc:725] Gpu Cache Creation failed: -2
[0313/114301.664:ERROR:net\disk_cache\cache_util_win.cc:25] Unable to move the cache: Access is denied. (0x5)
[0313/114301.665:ERROR:net\disk_cache\disk_cache.cc:272] Unable to create cache
[0313/114301.665:ERROR:gpu\ipc\host\gpu_disk_cache.cc:725] Gpu Cache Creation failed: -2
[0313/114301.671:ERROR:net\disk_cache\cache_util_win.cc:25] Unable to move the cache: Access is denied. (0x5)
[0313/114301.672:ERROR:net\disk_cache\disk_cache.cc:272] Unable to create cache
[0313/114301.672:ERROR:gpu\ipc\host\gpu_disk_cache.cc:725] Gpu Cache Creation failed: -2
[0313/114302.769:WARNING:components\leveldb_proto\internal\leveldb_database.cc:124] Unable to open C:\Users\Administrator\Desktop\ConduitScore\phase_5_output\scan-worker\.conduit-runtime\browser_profile\Default\shared_proto_db\metadata: IO error: C:\Users\Administrator\Desktop\ConduitScore\phase_5_output\scan-worker\.conduit-runtime\browser_profile\Default\shared_proto_db\metadata/LOCK: Access denied. (ChromeMethodBFE: 15::LockFile::5)
[0313/114302.850:WARNING:components\leveldb_proto\internal\leveldb_database.cc:124] Unable to open C:\Users\Administrator\Desktop\ConduitScore\phase_5_output\scan-worker\.conduit-runtime\browser_profile\Default\shared_proto_db\metadata: IO error: C:\Users\Administrator\Desktop\ConduitScore\phase_5_output\scan-worker\.conduit-runtime\browser_profile\Default\shared_proto_db\metadata/LOCK: Access denied. (ChromeMethodBFE: 15::LockFile::5)
[0313/114302.883:WARNING:components\leveldb_proto\internal\leveldb_database.cc:124] Unable to open C:\Users\Administrator\Desktop\ConduitScore\phase_5_output\scan-worker\.conduit-runtime\browser_profile\Default\shared_proto_db\metadata: IO error: C:\Users\Administrator\Desktop\ConduitScore\phase_5_output\scan-worker\.conduit-runtime\browser_profile\Default\shared_proto_db\metadata/LOCK: Access denied. (ChromeMethodBFE: 15::LockFile::5)
[0313/114302.899:WARNING:components\leveldb_proto\internal\leveldb_database.cc:124] Unable to open C:\Users\Administrator\Desktop\ConduitScore\phase_5_output\scan-worker\.conduit-runtime\browser_profile\Default\shared_proto_db\metadata: IO error: C:\Users\Administrator\Desktop\ConduitScore\phase_5_output\scan-worker\.conduit-runtime\browser_profile\Default\shared_proto_db\metadata/LOCK: Access denied. (ChromeMethodBFE: 15::LockFile::5)
[0313/114302.929:WARNING:components\leveldb_proto\internal\leveldb_database.cc:124] Unable to open C:\Users\Administrator\Desktop\ConduitScore\phase_5_output\scan-worker\.conduit-runtime\browser_profile\Default\shared_proto_db\metadata: IO error: C:\Users\Administrator\Desktop\ConduitScore\phase_5_output\scan-worker\.conduit-runtime\browser_profile\Default\shared_proto_db\metadata/LOCK: Access denied. (ChromeMethodBFE: 15::LockFile::5)
[0313/114303.070:ERROR:net\disk_cache\cache_util_win.cc:25] Unable to move the cache: Access is denied. (0x5)
[0313/114303.073:ERROR:net\disk_cache\disk_cache.cc:272] Unable to create cache
[0313/114303.073:ERROR:gpu\ipc\host\gpu_disk_cache.cc:725] Gpu Cache Creation failed: -2
[0313/114303.080:ERROR:net\disk_cache\cache_util_win.cc:25] Unable to move the cache: Access is denied. (0x5)
[0313/114303.081:ERROR:net\disk_cache\disk_cache.cc:272] Unable to create cache
[0313/114303.081:ERROR:gpu\ipc\host\gpu_disk_cache.cc:725] Gpu Cache Creation failed: -2
[0313/114303.123:ERROR:net\disk_cache\cache_util_win.cc:25] Unable to move the cache: Access is denied. (0x5)
[0313/114303.138:ERROR:net\disk_cache\cache_util_win.cc:25] Unable to move the cache: Access is denied. (0x5)
[0313/114303.138:ERROR:net\disk_cache\disk_cache.cc:272] Unable to create cache
[0313/114303.138:ERROR:gpu\ipc\host\gpu_disk_cache.cc:725] Gpu Cache Creation failed: -2
[0313/114303.139:ERROR:net\disk_cache\disk_cache.cc:272] Unable to create cache
[0313/114303.139:ERROR:gpu\ipc\host\gpu_disk_cache.cc:725] Gpu Cache Creation failed: -2
[0313/114303.141:ERROR:net\disk_cache\cache_util_win.cc:25] Unable to move the cache: Access is denied. (0x5)
[0313/114303.142:ERROR:net\disk_cache\disk_cache.cc:272] Unable to create cache
[0313/114303.142:ERROR:gpu\ipc\host\gpu_disk_cache.cc:725] Gpu Cache Creation failed: -2
[0313/114303.442:ERROR:net\disk_cache\cache_util_win.cc:25] Unable to move the cache: Access is denied. (0x5)
[0313/114303.443:ERROR:net\disk_cache\disk_cache.cc:272] Unable to create cache
[0313/114303.443:ERROR:gpu\ipc\host\gpu_disk_cache.cc:725] Gpu Cache Creation failed: -2
[0313/114303.450:ERROR:net\disk_cache\cache_util_win.cc:25] Unable to move the cache: Access is denied. (0x5)
[0313/114303.454:ERROR:net\disk_cache\disk_cache.cc:272] Unable to create cache
[0313/114303.455:ERROR:gpu\ipc\host\gpu_disk_cache.cc:725] Gpu Cache Creation failed: -2
[0313/114303.455:ERROR:net\disk_cache\cache_util_win.cc:25] Unable to move the cache: Access is denied. (0x5)
[0313/114303.455:ERROR:net\disk_cache\disk_cache.cc:272] Unable to create cache
[0313/114303.455:ERROR:gpu\ipc\host\gpu_disk_cache.cc:725] Gpu Cache Creation failed: -2
[0313/114303.467:ERROR:net\disk_cache\cache_util_win.cc:25] Unable to move the cache: Access is denied. (0x5)
[0313/114303.468:ERROR:net\disk_cache\cache_util_win.cc:25] Unable to move the cache: Access is denied. (0x5)
[0313/114303.503:WARNING:content\browser\btm\btm_database.cc:128] Failed to initialize the DIPS SQLite database.
[0313/114303.626:ERROR:net\disk_cache\disk_cache.cc:272] Unable to create cache
[0313/114303.626:ERROR:gpu\ipc\host\gpu_disk_cache.cc:725] Gpu Cache Creation failed: -2
[0313/114303.626:ERROR:net\disk_cache\disk_cache.cc:272] Unable to create cache
[0313/114303.626:ERROR:gpu\ipc\host\gpu_disk_cache.cc:725] Gpu Cache Creation failed: -2
[0313/114303.693:WARNING:content\browser\btm\btm_database.cc:128] Failed to initialize the DIPS SQLite database.
[0313/114303.780:WARNING:content\browser\btm\btm_database.cc:128] Failed to initialize the DIPS SQLite database.
[0313/114304.948:WARNING:components\leveldb_proto\internal\leveldb_database.cc:124] Unable to open C:\Users\Administrator\Desktop\ConduitScore\phase_5_output\scan-worker\.conduit-runtime\browser_profile\Default\shared_proto_db\metadata: IO error: C:\Users\Administrator\Desktop\ConduitScore\phase_5_output\scan-worker\.conduit-runtime\browser_profile\Default\shared_proto_db\metadata/LOCK: Access denied. (ChromeMethodBFE: 15::LockFile::5)
